<?xml version="1.0" encoding="UTF-8"?>
<!-- Generated by org.testng.reporters.JUnitReportReporter -->
<testsuite skipped="0" hostname="DESKTOP-44UUV86" name="com.testbg.testChickBaidu" tests="1" failures="0" timestamp="2020-04-12T17:59:20 CST" time="9.846" errors="0">
  <testcase name="sedkeyTest" time="9.846" classname="com.testbg.testChickBaidu"/>
  <system-out/>
</testsuite> <!-- com.testbg.testChickBaidu -->
